[debug] [2021-12-02T22:22:25.648Z] ----------------------------------------------------------------------
[debug] [2021-12-02T22:22:25.650Z] Command:       C:\Program Files\nodejs\node.exe C:\Users\Usuario\AppData\Roaming\npm\node_modules\firebase-tools\lib\bin\firebase.js init
[debug] [2021-12-02T22:22:25.651Z] CLI Version:   9.23.0
[debug] [2021-12-02T22:22:25.651Z] Platform:      win32
[debug] [2021-12-02T22:22:25.651Z] Node Version:  v14.17.3
[debug] [2021-12-02T22:22:25.651Z] Time:          Thu Dec 02 2021 17:22:25 GMT-0500 (hora estándar de Colombia)
[debug] [2021-12-02T22:22:25.652Z] ----------------------------------------------------------------------
[debug] 
[debug] [2021-12-02T22:22:25.700Z] > command requires scopes: ["email","openid","https://www.googleapis.com/auth/cloudplatformprojects.readonly","https://www.googleapis.com/auth/firebase","https://www.googleapis.com/auth/cloud-platform"]
[debug] [2021-12-02T22:22:25.700Z] > authorizing via signed-in user (ebershr@gmail.com)
[info] 
     ######## #### ########  ######## ########     ###     ######  ########
     ##        ##  ##     ## ##       ##     ##  ##   ##  ##       ##
     ######    ##  ########  ######   ########  #########  ######  ######
     ##        ##  ##    ##  ##       ##     ## ##     ##       ## ##
     ##       #### ##     ## ######## ########  ##     ##  ######  ########

You're about to initialize a Firebase project in this directory:

  C:\Dev\react_firebase_authentication

Before we get started, keep in mind:

  * You are currently outside your home directory
  * You are initializing within an existing Firebase project directory

